2017-05-04-12-19-37_exec.log
sending new state to plan to STATE
1493914781768 -1.97960395711 -0.468273258995 0.000162401438442 -0.0172273541849 1493914781768
END
Plan 1493914781774
['a28 -1.9500000000000028 -0.45000000000000284 0.3 0.39269908169872414', 'END']
Projection
['a28 -1.9446786325266885 -0.4545066915902396 0.300162401438442 0.3754717275138241', 'END']
action_from_planner: a28
msg_to_controller: a28,-1.9449859099,-0.454630396753,0.298805172534,0.375496956887,1493914781774

sending new state to plan to STATE
1493914782019 -1.9449859099 -0.454630396753 0.298805172534 0.375496956887 1493914781774
END
Plan 1493914782017
['a28 -1.8499999999999943 -0.3499999999999943 0.6 0.7853981633974483', 'END']
Projection
['a28 -1.8642946330501076 -0.3766685597995121 0.598805172534 0.7681960385857242', 'END']
action_from_planner: a28
msg_to_controller: a28,-1.94475847076,-0.454553904361,0.299620640786,0.375565711116,1493914782017

sending new state to plan to STATE
1493914782262 -1.94475847076 -0.454553904361 0.299620640786 0.375565711116 1493914782017
END
Plan 1493914782260
['a28 -1.8499999999999943 -0.3499999999999943 0.6 0.7853981633974483', 'END']
Projection
['a28 -1.8639259499286283 -0.37644485485428447 0.599620640786 0.7682647928147242', 'END']
action_from_planner: a28
msg_to_controller: a28,-1.944809379,-0.454587280762,0.299237601337,0.375635380377,1493914782260

sending new state to plan to STATE
1493914782505 -1.944809379 -0.454587280762 0.299237601337 0.375635380377 1493914782260
END
Plan 1493914782504
['a28 -1.8499999999999943 -0.3499999999999943 0.6 0.7853981633974483', 'END']
Projection
['a28 -1.8640511581237718 -0.37653914712421965 0.599237601337 0.7683344620757242', 'END']
action_from_planner: a28
msg_to_controller: a28,-1.94451067455,-0.454477155181,0.300424595468,0.375682736968,1493914782504

sending new state to plan to STATE
1493914782749 -1.94451067455 -0.454477155181 0.300424595468 0.375682736968 1493914782504
END
Plan 1493914782749
['a28 -1.8499999999999943 -0.3499999999999943 0.6 0.7853981633974483', 'END']
Projection
['a28 -1.863542776919843 -0.3762189650919794 0.600424595468 0.7683818186667242', 'END']
action_from_planner: a28
msg_to_controller: a28,-1.94459003343,-0.454512037988,0.300037496393,0.375705994394,1493914782749

sending new state to plan to STATE
1493914782994 -1.94459003343 -0.454512037988 0.300037496393 0.375705994394 1493914782749
END
Plan 1493914782993
['a28 -1.8499999999999943 -0.3499999999999943 0.6 0.7853981633974483', 'END']
Projection
['a28 -1.8636935389037887 -0.3763192222480001 0.600037496393 0.7684050760927241', 'END']
action_from_planner: a28
msg_to_controller: a28,-1.94464570371,-0.454550086973,0.29959585977,0.375800377519,1493914782993

sending new state to plan to STATE
1493914783238 -1.94464570371 -0.454550086973 0.29959585977 0.375800377519 1493914782993
END
Plan 1493914783239
['a28 -1.8499999999999943 -0.3499999999999943 0.6 0.7853981633974483', 'END']
Projection
['a28 -1.8638359687791706 -0.3764263769961218 0.59959585977 0.7684994592177241', 'END']
action_from_planner: a28
msg_to_controller: a28,-1.94453581889,-0.454515001257,0.299964992468,0.375847209994,1493914783239

sending new state to plan to STATE
1493914783484 -1.94453581889 -0.454515001257 0.299964992468 0.375847209994 1493914783239
END
Plan 1493914783484
['a28 -1.8499999999999943 -0.3499999999999943 0.6 0.7853981633974483', 'END']
Projection
['a28 -1.8636633983804103 -0.37632336165377467 0.599964992468 0.7685462916927241', 'END']
action_from_planner: a28
msg_to_controller: a28,-1.94481645114,-0.454633587331,0.298659349713,0.375894210399,1493914783484

sending new state to plan to STATE
1493914783729 -1.94481645114 -0.454633587331 0.298659349713 0.375894210399 1493914783484
END
Plan 1493914783730
['a28 -1.8499999999999943 -0.3499999999999943 0.6 0.7853981633974483', 'END']
Projection
['a28 -1.8641823588832267 -0.37666504289653346 0.5986593497129999 0.7685932920977241', 'END']
action_from_planner: a28
msg_to_controller: a28,-1.94424384005,-0.454421641369,0.300949807267,0.375963262175,1493914783730

sending new state to plan to STATE
1493914783975 -1.94424384005 -0.454421641369 0.300949807267 0.375963262175 1493914783730
END
Plan 1493914783975
['a28 -1.8499999999999943 -0.3499999999999943 0.6 0.7853981633974483', 'END']
Projection
['a28 -1.8632035130282532 -0.3760494623873001 0.600949807267 0.7686623438737241', 'END']
action_from_planner: a28
msg_to_controller: a28,-1.94419508357,-0.454413271632,0.301019940692,0.376034197538,1493914783975

sending new state to plan to STATE
1493914784220 -1.94419508357 -0.454413271632 0.301019940692 0.376034197538 1493914783975
END
Plan 1493914784219
['a28 -1.8499999999999943 -0.3499999999999943 0.6 0.7853981633974483', 'END']
Projection
['a28 -1.8631477132766037 -0.3760231545898307 0.601019940692 0.7687332792367241', 'END']
action_from_planner: a28
msg_to_controller: a28,-1.94434925715,-0.454479481703,0.300292621751,0.376057621824,1493914784219

sending new state to plan to STATE
1493914784464 -1.94434925715 -0.454479481703 0.300292621751 0.376057621824 1493914784219
END
Plan 1493914784463
['a28 -1.8499999999999943 -0.3499999999999943 0.6 0.7853981633974483', 'END']
Projection
['a28 -1.8634344178914972 -0.3762138818970726 0.6002926217510001 0.7687567035227241', 'END']
action_from_planner: a28
msg_to_controller: a28,-1.94456568857,-0.454575868418,0.299221680682,0.376129649454,1493914784463

sending new state to plan to STATE
1493914784708 -1.94456568857 -0.454575868418 0.299221680682 0.376129649454 1493914784463
END
Plan 1493914784707
['a28 -1.8499999999999943 -0.3499999999999943 0.6 0.7853981633974483', 'END']
Projection
['a28 -1.863848914981176 -0.3764905954077733 0.599221680682 0.7688287311527242', 'END']
action_from_planner: a28
msg_to_controller: a28,-1.94412736057,-0.454411170382,0.301001543437,0.376177153154,1493914784707

sending new state to plan to STATE
1493914784952 -1.94412736057 -0.454411170382 0.301001543437 0.376177153154 1493914784707
END
Plan 1493914784952
['a28 -1.8499999999999943 -0.3499999999999943 0.6 0.7853981633974483', 'END']
Projection
['a28 -1.8630945029045165 -0.37601266599591554 0.601001543437 0.7688762348527242', 'END']
action_from_planner: a28
msg_to_controller: a28,-1.94435638752,-0.454509561738,0.299916702479,0.376224099152,1493914784952

sending new state to plan to STATE
1493914785197 -1.94435638752 -0.454509561738 0.299916702479 0.376224099152 1493914784952
END
Plan 1493914785195
['a28 -1.8499999999999943 -0.3499999999999943 0.6 0.7853981633974483', 'END']
Projection
['a28 -1.8635221183539556 -0.37629584250353787 0.599916702479 0.7689231808507242', 'END']
action_from_planner: a28
msg_to_controller: a28,-1.94407855268,-0.454410866169,0.300970226041,0.376294852654,1493914785195

sending new state to plan to STATE
1493914785440 -1.94407855268 -0.454410866169 0.300970226041 0.376294852654 1493914785195
END
Plan 1493914785438
['a28 -1.8499999999999943 -0.3499999999999943 0.6 0.7853981633974483', 'END']
Projection
['a28 -1.8630605492942323 -0.37600826942725973 0.6009702260409999 0.7689939343527241', 'END']
action_from_planner: a28
msg_to_controller: a28,-1.94429220679,-0.454503876579,0.299944812407,0.376341030056,1493914785438

sending new state to plan to STATE
1493914785683 -1.94429220679 -0.454503876579 0.299944812407 0.376341030056 1493914785438
END
Plan 1493914785684
['a28 -1.8499999999999943 -0.3499999999999943 0.6 0.7853981633974483', 'END']
Projection
['a28 -1.8634620339796015 -0.3762758186222044 0.5999448124069999 0.7690401117547241', 'END']
action_from_planner: a28
msg_to_controller: a28,-1.94433724875,-0.454532341349,0.299614327503,0.376411047147,1493914785684

sending new state to plan to STATE
1493914785929 -1.94433724875 -0.454532341349 0.299614327503 0.376411047147 1493914785684
END
Plan 1493914785929
['a28 -1.8499999999999943 -0.3499999999999943 0.6 0.7853981633974483', 'END']
Projection
['a28 -1.863571919256401 -0.37635608683210364 0.5996143275029999 0.7691101288457242', 'END']
action_from_planner: a28
msg_to_controller: a28,-1.94399855497,-0.454407017772,0.300965095603,0.376456761899,1493914785929

sending new state to plan to STATE
1493914786174 -1.94399855497 -0.454407017772 0.300965095603 0.376456761899 1493914785929
END
Plan 1493914786173
['a28 -1.8499999999999943 -0.3499999999999943 0.6 0.7853981633974483', 'END']
Projection
['a28 -1.8629941683037856 -0.37599219658625316 0.6009650956029999 0.7691558435977242', 'END']
action_from_planner: a28
msg_to_controller: a28,-1.94413420111,-0.454471841211,0.300239220073,0.37652668933,1493914786173

sending new state to plan to STATE
1493914786418 -1.94413420111 -0.454471841211 0.300239220073 0.37652668933 1493914786173
END
Plan 1493914786418
['a28 -1.8499999999999943 -0.3499999999999943 0.6 0.7853981633974483', 'END']
Projection
['a28 -1.8632656742026654 -0.37617758176894256 0.600239220073 0.7692257710287241', 'END']
action_from_planner: a28
msg_to_controller: a28,-1.94409907906,-0.454466106687,0.300288246742,0.376573103427,1493914786418

sending new state to plan to STATE
1493914786663 -1.94409907906 -0.454466106687 0.300288246742 0.376573103427 1493914786418
END
Plan 1493914786663
['a28 -1.8499999999999943 -0.3499999999999943 0.6 0.7853981633974483', 'END']
Projection
['a28 -1.8632253807973171 -0.37615956799807293 0.600288246742 0.7692721851257242', 'END']
action_from_planner: a28
msg_to_controller: a28,-1.94412343135,-0.454484270969,0.300077518122,0.376619426302,1493914786663

sending new state to plan to STATE
1493914786908 -1.94412343135 -0.454484270969 0.300077518122 0.376619426302 1493914786663
END
Plan 1493914786908
['a28 -1.8499999999999943 -0.3499999999999943 0.6 0.7853981633974483', 'END']
Projection
['a28 -1.863291206623444 -0.3762106341831384 0.6000775181219999 0.7693185080007241', 'END']
action_from_planner: a28
msg_to_controller: a28,-1.9440511842,-0.454466836059,0.300246164515,0.376690293234,1493914786908

sending new state to plan to STATE
1493914787153 -1.9440511842 -0.454466836059 0.300246164515 0.376690293234 1493914786908
END
Plan 1493914787152
['a28 -1.8499999999999943 -0.3499999999999943 0.6 0.7853981633974483', 'END']
Projection
['a28 -1.8631942205113745 -0.3761581394516895 0.600246164515 0.7693893749327241', 'END']
action_from_planner: a28
msg_to_controller: a28,-1.94398436421,-0.454453188025,0.300374664735,0.376760013077,1493914787152

sending new state to plan to STATE
1493914787397 -1.94398436421 -0.454453188025 0.300374664735 0.376760013077 1493914787152
END
Plan 1493914787396
['a28 -1.8499999999999943 -0.3499999999999943 0.6 0.7853981633974483', 'END']
Projection
['a28 -1.863109785375073 -0.37611650336850744 0.600374664735 0.7694590947757242', 'END']
action_from_planner: a28
msg_to_controller: a28,-1.94409766946,-0.45450549271,0.299792183353,0.376806902925,1493914787396

sending new state to plan to STATE
1493914787641 -1.94409766946 -0.45450549271 0.299792183353 0.376806902925 1493914787396
END
Plan 1493914787639
['a28 -1.8499999999999943 -0.3499999999999943 0.6 0.7853981633974483', 'END']
Projection
['a28 -1.8633313563752694 -0.3762663357389613 0.599792183353 0.7695059846237242', 'END']
action_from_planner: a28
msg_to_controller: a28,-1.94403651429,-0.45448939067,0.299953758048,0.376853495687,1493914787639

sending new state to plan to STATE
1493914787884 -1.94403651429 -0.45448939067 0.299953758048 0.376853495687 1493914787639
END
Plan 1493914787883
['a28 -1.8499999999999943 -0.3499999999999943 0.6 0.7853981633974483', 'END']
Projection
['a28 -1.8632448350436164 -0.3762183641762107 0.599953758048 0.7695525773857241', 'END']
action_from_planner: a28
msg_to_controller: a28,-1.94400229919,-0.454488699707,0.299941988428,0.376921596638,1493914787883

sending new state to plan to STATE
1493914788128 -1.94400229919 -0.454488699707 0.299941988428 0.376921596638 1493914787883
END
Plan 1493914788127
['a28 -1.8499999999999943 -0.3499999999999943 0.6 0.7853981633974483', 'END']
Projection
['a28 -1.8632180636230515 -0.37621421891491025 0.599941988428 0.7696206783367241', 'END']
action_from_planner: a28
msg_to_controller: a28,-1.94384607033,-0.454434494838,0.300517593724,0.37696744754,1493914788127

sending new state to plan to STATE
1493914788372 -1.94384607033 -0.454434494838 0.300517593724 0.37696744754 1493914788127
END
Plan 1493914788371
['a28 -1.8499999999999943 -0.3499999999999943 0.6 0.7853981633974483', 'END']
Projection
['a28 -1.8629620821080266 -0.3760561697714735 0.6005175937239999 0.7696665292387241', 'END']
action_from_planner: a28
msg_to_controller: a28,-1.9437670481,-0.454416901409,0.30069014272,0.377034261345,1493914788371

sending new state to plan to STATE
1493914788616 -1.9437670481 -0.454416901409 0.30069014272 0.377034261345 1493914788371
END
Plan 1493914788615
['a28 -1.8499999999999943 -0.3499999999999943 0.6 0.7853981633974483', 'END']
Projection
['a28 -1.8628573201149408 -0.376003151250373 0.60069014272 0.7697333430437241', 'END']
action_from_planner: a28
msg_to_controller: a28,-1.94370711625,-0.454400852166,0.300851323878,0.377079190052,1493914788615

sending new state to plan to STATE
1493914788860 -1.94370711625 -0.454400852166 0.300851323878 0.377079190052 1493914788615
END
Plan 1493914788861
['a28 -1.8499999999999943 -0.3499999999999943 0.6 0.7853981633974483', 'END']
Projection
['a28 -1.862771976737747 -0.37595542236100243 0.600851323878 0.7697782717507242', 'END']
action_from_planner: a28
msg_to_controller: a28,-1.94391723897,-0.454492034833,0.29984788921,0.377123848689,1493914788861

sending new state to plan to STATE
1493914789106 -1.94391723897 -0.454492034833 0.29984788921 0.377123848689 1493914788861
END
Plan 1493914789106
['a28 -1.8499999999999943 -0.3499999999999943 0.6 0.7853981633974483', 'END']
Projection
['a28 -1.8631657278371563 -0.3762175903192997 0.59984788921 0.7698229303877242', 'END']
action_from_planner: a28
msg_to_controller: a28,-1.94379063386,-0.454455679647,0.300224982029,0.377188555105,1493914789106

sending new state to plan to STATE
1493914789351 -1.94379063386 -0.454455679647 0.300224982029 0.377188555105 1493914789106
END
Plan 1493914789351
['a28 -1.8499999999999943 -0.3499999999999943 0.6 0.7853981633974483', 'END']
Projection
['a28 -1.8629765006418069 -0.3761103908615411 0.600224982029 0.7698876368037242', 'END']
action_from_planner: a28
msg_to_controller: a28,-1.94403599772,-0.45456073935,0.299071456706,0.377232289091,1493914789351

sending new state to plan to STATE
1493914789596 -1.94403599772 -0.45456073935 0.299071456706 0.377232289091 1493914789351
END
Plan 1493914789597
['a28 -1.8499999999999943 -0.3499999999999943 0.6 0.7853981633974483', 'END']
Projection
['a28 -1.863432336742079 -0.3764126545128761 0.599071456706 0.7699313707897242', 'END']
action_from_planner: a28
msg_to_controller: a28,-1.94357207684,-0.454384897318,0.300968425468,0.377275633785,1493914789597

sending new state to plan to STATE
1493914789842 -1.94357207684 -0.454384897318 0.300968425468 0.377275633785 1493914789597
END
Plan 1493914789844
['a28 -1.8499999999999943 -0.3499999999999943 0.6 0.7853981633974483', 'END']
Projection
['a28 -1.8626313313668703 -0.3759031907213597 0.600968425468 0.7699747154837242', 'END']
action_from_planner: a28
msg_to_controller: a28,-1.94353727092,-0.454379529136,0.301014594505,0.377318265919,1493914789844

sending new state to plan to STATE
1493914790089 -1.94353727092 -0.454379529136 0.301014594505 0.377318265919 1493914789844
END
Plan 1493914790090
['a28 -1.8499999999999943 -0.3499999999999943 0.6 0.7853981633974483', 'END']
Projection
['a28 -1.8625915851913817 -0.3758863368168477 0.601014594505 0.7700173476177241', 'END']
action_from_planner: a28
msg_to_controller: a28,-1.94394956084,-0.454556705626,0.299074260694,0.377380308925,1493914790090

sending new state to plan to STATE
1493914790335 -1.94394956084 -0.454556705626 0.299074260694 0.377380308925 1493914790090
END
Plan 1493914790334
['a28 -1.8499999999999943 -0.3499999999999943 0.6 0.7853981633974483', 'END']
Projection
['a28 -1.8633569649971093 -0.37639620267584917 0.599074260694 0.7700793906237242', 'END']
action_from_planner: a28
msg_to_controller: a28,-1.94397749527,-0.454575951464,0.298853737773,0.377421781424,1493914790334

sending new state to plan to STATE
1493914790579 -1.94397749527 -0.454575951464 0.298853737773 0.377421781424 1493914790334
END
Plan 1493914790579
['a28 -1.8499999999999943 -0.3499999999999943 0.6 0.7853981633974483', 'END']
Projection
['a28 -1.863427715308461 -0.37645048943210213 0.598853737773 0.7701208631227241', 'END']
action_from_planner: a28
msg_to_controller: a28,-1.94362058875,-0.454448902195,0.300216910783,0.377481456748,1493914790579

sending new state to plan to STATE
1493914790824 -1.94362058875 -0.454448902195 0.300216910783 0.377481456748 1493914790579
END
Plan 1493914790824
['a28 -1.8499999999999943 -0.3499999999999943 0.6 0.7853981633974483', 'END']
Projection
['a28 -1.862830854816636 -0.3760813511093346 0.600216910783 0.7701805384467242', 'END']
action_from_planner: a28
msg_to_controller: a28,-1.94355265057,-0.454434547884,0.300355900954,0.377541599959,1493914790824

sending new state to plan to STATE
1493914791069 -1.94355265057 -0.454434547884 0.300355900954 0.377541599959 1493914790824
END
Plan 1493914791068
['a28 -1.8499999999999943 -0.3499999999999943 0.6 0.7853981633974483', 'END']
Projection
['a28 -1.862742690249803 -0.37603794299386095 0.600355900954 0.7702406816577241', 'END']
action_from_planner: a28
msg_to_controller: a28,-1.94344090576,-0.454399741392,0.300723287781,0.377580314552,1493914791068

sending new state to plan to STATE
1493914791313 -1.94344090576 -0.454399741392 0.300723287781 0.377580314552 1493914791068
END
Plan 1493914791312
['a28 -1.8499999999999943 -0.3499999999999943 0.6 0.7853981633974483', 'END']
Projection
['a28 -1.8625680607288047 -0.37593605188649803 0.600723287781 0.7702793962507242', 'END']
action_from_planner: a28
msg_to_controller: a28,-1.94387695415,-0.454581535884,0.298740253058,0.3776196795,1493914791312

sending new state to plan to STATE
1493914791557 -1.94387695415 -0.454581535884 0.298740253058 0.3776196795 1493914791312
END
Plan 1493914791557
['a28 -1.8499999999999943 -0.3499999999999943 0.6 0.7853981633974483', 'END']
Projection
['a28 -1.8633629983196016 -0.3764598914043802 0.5987402530579999 0.7703187611987241', 'END']
action_from_planner: a28
msg_to_controller: a28,-1.94336705669,-0.454387585656,0.300833376114,0.377658881729,1493914791557

sending new state to plan to STATE
1493914791802 -1.94336705669 -0.454387585656 0.300833376114 0.377658881729 1493914791557
END
Plan 1493914791802
['a28 -1.8499999999999943 -0.3499999999999943 0.6 0.7853981633974483', 'END']
Projection
['a28 -1.862480625041286 -0.37589837627800193 0.600833376114 0.7703579634277241', 'END']
action_from_planner: a28
msg_to_controller: a28,-1.94377499111,-0.454563237601,0.298912714268,0.377716545449,1493914791802

sending new state to plan to STATE
1493914792047 -1.94377499111 -0.454563237601 0.298912714268 0.377716545449 1493914791802
END
Plan 1493914792046
['a28 -1.8499999999999943 -0.3499999999999943 0.6 0.7853981633974483', 'END']
Projection
['a28 -1.8632376625262026 -0.37640376748348103 0.598912714268 0.7704156271477242', 'END']
action_from_planner: a28
msg_to_controller: a28,-1.94345118136,-0.454444279441,0.30019311468,0.377753983393,1493914792046

sending new state to plan to STATE
1493914792291 -1.94345118136 -0.454444279441 0.30019311468 0.377753983393 1493914792046
END
Plan 1493914792292
['a28 -1.8499999999999943 -0.3499999999999943 0.6 0.7853981633974483', 'END']
Projection
['a28 -1.862687076664642 -0.3760588571717136 0.6001931146799999 0.7704530650917241', 'END']
action_from_planner: a28
msg_to_controller: a28,-1.94326863716,-0.454383617621,0.30083740679,0.377804010813,1493914792292

sending new state to plan to STATE
1493914792537 -1.94326863716 -0.454383617621 0.30083740679 0.377804010813 1493914792292
END
Plan 1493914792538
['a28 -1.8499999999999943 -0.3499999999999943 0.6 0.7853981633974483', 'END']
Projection
['a28 -1.8623928743668046 -0.3758819682581418 0.60083740679 0.7705030925117242', 'END']
action_from_planner: a28
msg_to_controller: a28,-1.94337846387,-0.454435889228,0.300259463675,0.377844080072,1493914792538

sending new state to plan to STATE
1493914792783 -1.94337846387 -0.454435889228 0.300259463675 0.377844080072 1493914792538
END
Plan 1493914792783
['a28 -1.8499999999999943 -0.3499999999999943 0.6 0.7853981633974483', 'END']
Projection
['a28 -1.8626095198794417 -0.3760316372645178 0.600259463675 0.7705431617707241', 'END']
action_from_planner: a28
msg_to_controller: a28,-1.9433525845,-0.454429841566,0.300318806894,0.377865798511,1493914792783

sending new state to plan to STATE
1493914793028 -1.9433525845 -0.454429841566 0.300318806894 0.377865798511 1493914792783
END
Plan 1493914793028
['a28 -1.8499999999999943 -0.3499999999999943 0.6 0.7853981633974483', 'END']
Projection
['a28 -1.8625746983995413 -0.376013501704378 0.600318806894 0.7705648802097241', 'END']
action_from_planner: a28
msg_to_controller: a28,-1.94356212141,-0.454520585656,0.299322242078,0.377909295695,1493914793028

sending new state to plan to STATE
1493914793273 -1.94356212141 -0.454520585656 0.299322242078 0.377909295695 1493914793028
END
Plan 1493914793275
['a28 -1.8499999999999943 -0.3499999999999943 0.6 0.7853981633974483', 'END']
Projection
['a28 -1.8629664018568945 -0.3762742770124561 0.599322242078 0.7706083773937241', 'END']
action_from_planner: a28
msg_to_controller: a28,-1.94368915979,-0.454587521765,0.298572230262,0.377995129032,1493914793275

sending new state to plan to STATE
1493914793520 -1.94368915979 -0.454587521765 0.298572230262 0.377995129032 1493914793275
END
Plan 1493914793520
['a28 -1.8499999999999943 -0.3499999999999943 0.6 0.7853981633974483', 'END']
Projection
['a28 -1.8632346764008645 -0.3764649164402698 0.598572230262 0.7706942107307242', 'END']
action_from_planner: a28
msg_to_controller: a28,-1.94317420628,-0.454395685937,0.300641201811,0.378036688897,1493914793520

sending new state to plan to STATE
1493914793765 -1.94317420628 -0.454395685937 0.300641201811 0.378036688897 1493914793520
END
Plan 1493914793766
['a28 -1.8499999999999943 -0.3499999999999943 0.6 0.7853981633974483', 'END']
Projection
['a28 -1.8623519005678872 -0.37590939288223524 0.600641201811 0.7707357705957241', 'END']
action_from_planner: a28
msg_to_controller: a28,-1.943399267,-0.454491086807,0.299608791773,0.378039036704,1493914793766

sending new state to plan to STATE
1493914794011 -1.943399267 -0.454491086807 0.299608791773 0.378039036704 1493914793766
END
Plan 1493914794011
['a28 -1.8499999999999943 -0.3499999999999943 0.6 0.7853981633974483', 'END']
Projection
['a28 -1.8627623074328596 -0.3761844149696856 0.599608791773 0.7707381184027242', 'END']
action_from_planner: a28
msg_to_controller: a28,-1.94332929444,-0.454469076217,0.299853454511,0.378028256245,1493914794011

sending new state to plan to STATE
1493914794256 -1.94332929444 -0.454469076217 0.299853454511 0.378028256245 1493914794011
END
Plan 1493914794255
['a28 -1.8499999999999943 -0.3499999999999943 0.6 0.7853981633974483', 'END']
Projection
['a28 -1.862647610179522 -0.3761206621720561 0.5998534545109999 0.7707273379437242', 'END']
action_from_planner: a28
msg_to_controller: a28,-1.94314282356,-0.454398810607,0.300619794907,0.378018974944,1493914794255

sending new state to plan to STATE
1493914794500 -1.94314282356 -0.454398810607 0.300619794907 0.378018974944 1493914794255
END
Plan 1493914794500
['a28 -1.8499999999999943 -0.3499999999999943 0.6 0.7853981633974483', 'END']
Projection
['a28 -1.8623229669431112 -0.3759176775299977 0.600619794907 0.7707180566427241', 'END']
action_from_planner: a28
msg_to_controller: a28,-1.94330830386,-0.454473217317,0.29982278747,0.378002289413,1493914794500

sending new state to plan to STATE
1493914794745 -1.94330830386 -0.454473217317 0.29982278747 0.378002289413 1493914794500
END
Plan 1493914794746
['a28 -1.8499999999999943 -0.3499999999999943 0.6 0.7853981633974483', 'END']
Projection
['a28 -1.862630085470954 -0.37613223930725326 0.59982278747 0.7707013711117241', 'END']
action_from_planner: a28
msg_to_controller: a28,-1.94312492016,-0.454407267185,0.300544568202,0.377990343918,1493914794746

sending new state to plan to STATE
1493914794991 -1.94312492016 -0.454407267185 0.300544568202 0.377990343918 1493914794746
END
Plan 1493914794990
['a28 -1.8499999999999943 -0.3499999999999943 0.6 0.7853981633974483', 'END']
Projection
['a28 -1.862316309065264 -0.3759415493908165 0.600544568202 0.7706894256167242', 'END']
action_from_planner: a28
msg_to_controller: a28,-1.94315870627,-0.454426329746,0.300344212321,0.377979133498,1493914794990

sending new state to plan to STATE
1493914795235 -1.94315870627 -0.454426329746 0.300344212321 0.377979133498 1493914794990
END
Plan 1493914795235
['a28 -1.8499999999999943 -0.3499999999999943 0.6 0.7853981633974483', 'END']
Projection
['a28 -1.8623851512961096 -0.37599641093265745 0.600344212321 0.7706782151967242', 'END']
action_from_planner: a28
msg_to_controller: a28,-1.94326298203,-0.454471950729,0.299854889158,0.377969401775,1493914795235

sending new state to plan to STATE
1493914795480 -1.94326298203 -0.454471950729 0.299854889158 0.377969401775 1493914795235
END
Plan 1493914795480
['a28 -1.8499999999999943 -0.3499999999999943 0.6 0.7853981633974483', 'END']
Projection
['a28 -1.8625764294347391 -0.3761280354483745 0.599854889158 0.7706684834737241', 'END']
action_from_planner: a28
msg_to_controller: a28,-1.94305661431,-0.454402623582,0.300619706538,0.377946078903,1493914795480

sending new state to plan to STATE
1493914795725 -1.94305661431 -0.454402623582 0.300619706538 0.377946078903 1493914795480
END
Plan 1493914795724
['a28 -1.8499999999999943 -0.3499999999999943 0.6 0.7853981633974483', 'END']
Projection
['a28 -1.8622310527942858 -0.3759273975505124 0.600619706538 0.7706451606017242', 'END']
action_from_planner: a28
msg_to_controller: a28,-1.94323253437,-0.454476765245,0.299821274696,0.377936189542,1493914795724

sending new state to plan to STATE
1493914795969 -1.94323253437 -0.454476765245 0.299821274696 0.377936189542 1493914795724
END
Plan 1493914795967
['a28 -1.8499999999999943 -0.3499999999999943 0.6 0.7853981633974483', 'END']
Projection
['a28 -1.862549409170498 -0.37614138367248984 0.599821274696 0.7706352712407241', 'END']
action_from_planner: a28
msg_to_controller: a28,-1.94325277486,-0.45449299558,0.299654461145,0.377919752068,1493914795967

sending new state to plan to STATE
1493914796212 -1.94325277486 -0.45449299558 0.299654461145 0.377919752068 1493914795967
END
Plan 1493914796211
['a28 -1.8499999999999943 -0.3499999999999943 0.6 0.7853981633974483', 'END']
Projection
['a28 -1.8625982833714119 -0.37618798996450664 0.599654461145 0.7706188337667241', 'END']
action_from_planner: a28
msg_to_controller: a28,-1.94324648676,-0.454497402604,0.299613729739,0.377907693175,1493914796211

sending new state to plan to STATE
1493914796456 -1.94324648676 -0.454497402604 0.299613729739 0.377907693175 1493914796211
END
Plan 1493914796455
['a28 -1.8499999999999943 -0.3499999999999943 0.6 0.7853981633974483', 'END']
Projection
['a28 -1.8625983570807847 -0.37620046267429075 0.5996137297390001 0.7706067748737242', 'END']
action_from_planner: a28
msg_to_controller: a28,-1.93439414405,-0.451063384622,0.32397574397,0.408474513661,1493914796455

sending new state to plan to STATE
1493914796700 -1.93439414405 -0.451063384622 0.32397574397 0.408474513661 1493914796455
END
Plan 1493914796700
['a28 -1.8499999999999943 -0.3499999999999943 0.6 0.7853981633974483', 'END']
Projection
['a28 -1.8519384390167772 -0.36596420968788834 0.62397574397 0.8011735953597241', 'END']
action_from_planner: a28
msg_to_controller: a28,-1.91054054817,-0.439672352309,0.39160551206,0.486473654422,1493914796700

sending new state to plan to STATE
1493914796945 -1.91054054817 -0.439672352309 0.39160551206 0.486473654422 1493914796700
END
Plan 1493914796945
['a29 -1.75 -0.4000000000000057 0.75 0.19634954084936207', 'a29 -1.5 -0.4000000000000057 1.05 0.0', 'a25 -1.2000000000000028 -0.3499999999999943 1.2 0.19634954084936207', 'a18 -0.9000000000000057 -0.25 1.2 0.39269908169872414', 'a16 -0.5999999999999943 -0.15000000000000568 1.2 0.39269908169872414', 'a16 -0.29999999999999716 -0.04999999999999716 1.2 0.39269908169872414', 'a8 0.0 0.0 1.05 0.19634954084936207', 'END']
Projection
['a29 -1.7807978134201505 -0.40093792385071936 0.69160551206 0.29012411357263795', 'a29 -1.5713208578793854 -0.38123652877381176 0.99160551206 0.09377457272327588', 'a25 -1.309566740734951 -0.3303666992552934 1.14160551206 0.19194934314795692', 'a18 -1.0360927493480858 -0.2487215977010777 1.14160551206 0.29012411357263795', 'a16 -0.7559329906015364 -0.1942747782169647 1.14160551206 0.19194934314795692', 'a16 -0.4717855561229243 -0.16755059343826417 1.14160551206 0.09377457272327588', 'a8 -0.20653575133968616 -0.19485441111547175 0.9916055120599999 6.1806103390535', 'END']
action_from_planner: a29
msg_to_controller: a29,-1.86398665896,-0.460797114686,0.469281748731,0.0504600481239,1493914796945

sending new state to plan to STATE
1493914797190 -1.86398665896 -0.460797114686 0.469281748731 0.0504600481239 1493914796945
END
Plan 1493914797191
['a33 -1.7000000000000028 -0.4000000000000057 0.75 0.19634954084936207', 'a29 -1.4500000000000028 -0.4000000000000057 1.05 0.0', 'a25 -1.1500000000000057 -0.3499999999999943 1.2 0.19634954084936207', 'a18 -0.8499999999999943 -0.25 1.2 0.39269908169872414', 'a16 -0.5499999999999972 -0.15000000000000568 1.2 0.39269908169872414', 'a16 -0.25 -0.04999999999999716 1.2 0.39269908169872414', 'a8 0.04999999999999716 0.0 1.05 0.19634954084936207', 'a22 0.3499999999999943 0.0 1.2 0.0', 'a10 0.6500000000000057 0.0 1.05 0.0', 'END']
Projection
['a33 -1.713857774970748 -0.4229727050859253 0.769281748731 0.24680958897326208', 'a29 -1.4843298620005498 -0.4113808754454169 1.069281748731 0.05046004812390001', 'a25 -1.2014135897865401 -0.369017236007096 1.219281748731 0.14863481854858104', 'a18 -0.9058301843647598 -0.29454610493237965 1.219281748731 0.24680958897326208', 'a16 -0.6043706465262062 -0.24940581283715346 1.219281748731 0.14863481854858104', 'a16 -0.2999381964147858 -0.23403108541046436 1.219281748731 0.05046004812390001', 'a8 -0.016906688496533206 -0.2756178688331943 1.069281748731 6.1372958144541245', 'a22 0.2525732693904672 -0.37162228189400537 1.219281748731 5.940946273604762', 'a10 0.5220532272774534 -0.46762669495481646 1.069281748731 5.940946273604762', 'END']
action_from_planner: a33
msg_to_controller: a33,-1.80783959085,-0.364497203236,0.605612626851,0.756273311264,1493914797191

sending new state to plan to STATE
1493914797436 -1.80783959085 -0.364497203236 0.605612626851 0.756273311264 1493914797191
END
Plan 1493914797435
['a29 -1.6500000000000057 -0.25 0.8999999999999999 0.5890486225480862', 'a22 -1.4000000000000057 -0.15000000000000568 1.05 0.39269908169872414', 'a22 -1.0999999999999943 -0.09999999999999432 1.2 0.19634954084936207', 'a18 -0.7999999999999972 0.0 1.2 0.39269908169872414', 'END']
Projection
['a29 -1.6477827772173725 -0.264166654419526 0.9056126268510001 0.5599237704146379', 'a22 -1.418654855966551 -0.17698600318598778 1.055612626851 0.36357422956527585', 'a22 -1.1399445682392155 -0.12993940379104174 1.205612626851 0.16722468871591378', 'a18 -0.8490941985770917 -0.05088293445541581 1.205612626851 0.2653994591405948', 'END']
action_from_planner: a29
msg_to_controller: a29,-1.748380144,-0.346600336161,0.580402796642,0.550456592926,1493914797435

sending new state to plan to STATE
1493914797680 -1.748380144 -0.346600336161 0.580402796642 0.550456592926 1493914797435
END
Plan 1493914797680
['a30 -1.5999999999999943 -0.25 0.8999999999999999 0.5890486225480862', 'a22 -1.3499999999999943 -0.15000000000000568 1.05 0.39269908169872414', 'a22 -1.0499999999999972 -0.09999999999999432 1.2 0.19634954084936207', 'a18 -0.75 0.0 1.2 0.39269908169872414', 'END']
Projection
['a30 -1.5841395352221923 -0.26680035018230797 0.880402796642 0.452281822501319', 'a22 -1.3530687499588083 -0.20633590867144846 1.030402796642 0.2559322816519569', 'a22 -1.0772084424174437 -0.18987991737103016 1.1804027966419999 0.05958274080259485', 'a18 -0.7857722830512728 -0.14351842840751772 1.1804027966419999 0.15775751122727588', 'END']
action_from_planner: a30
msg_to_controller: a30,-1.67077463309,-0.247397463217,0.68139969857,0.711067127971,1493914797680

sending new state to plan to STATE
1493914797925 -1.67077463309 -0.247397463217 0.68139969857 0.711067127971 1493914797680
END
Plan 1493914797924
['a29 -1.4500000000000028 -0.09999999999999432 1.05 0.5890486225480862', 'END']
Projection
['a29 -1.4898554520103175 -0.14507522178658405 0.98139969857 0.514717587121638', 'END']
action_from_planner: a29
msg_to_controller: a29,-1.60207113117,-0.20726857422,0.699225499904,0.56074267573,1493914797924

sending new state to plan to STATE
1493914798169 -1.60207113117 -0.20726857422 0.699225499904 0.56074267573 1493914797924
END
Plan 1493914798169
['a29 -1.4000000000000057 -0.09999999999999432 1.05 0.39269908169872414', 'a22 -1.0999999999999943 -0.04999999999999716 1.2 0.19634954084936207', 'a9 -0.7999999999999972 0.0 1.05 0.19634954084936207', 'END']
Projection
['a29 -1.4037047483571286 -0.13160633115791143 0.999225499904 0.36439313488063796', 'a22 -1.1389312934231413 -0.08668925085910928 1.149225499904 0.1680435940312759', 'a9 -0.871030151281758 -0.06794079546685339 0.9992254999039999 0.06986882360659485', 'END']
action_from_planner: a29
msg_to_controller: a29,-1.50876483955,-0.154494914051,0.701137106212,0.403735677927,1493914798169

sending new state to plan to STATE
1493914798414 -1.50876483955 -0.154494914051 0.701137106212 0.403735677927 1493914798169
END
Plan 1493914798414
['a31 -1.2999999999999972 -0.04999999999999716 1.05 0.39269908169872414', 'a22 -1.0 0.0 1.2 0.19634954084936207', 'a8 -0.7000000000000028 0.0 1.05 0.0', 'a24 -0.4000000000000057 0.0 1.2 0.0', 'a10 -0.09999999999999432 0.0 1.05 0.0', 'a24 0.20000000000000284 0.0 1.2 0.0', 'a10 0.5 0.0 1.05 0.0', 'a24 0.7999999999999972 0.0 1.2 0.0', 'END']
Projection
['a31 -1.3130884552069517 -0.07090124827053046 1.001137106212 0.403735677927', 'a22 -1.049818921747871 -0.015506350377009426 1.151137106212 0.20738613707763792', 'a8 -0.7808010300844757 -0.012537187973165942 1.001137106212 0.011036596228275852', 'a24 -0.5117831384210803 -0.009568025569336669 1.151137106212 0.011036596228275852', 'a10 -0.24276524675768485 -0.006598863165493185 1.001137106212 0.011036596228275852', 'a24 0.026252644905710554 -0.0036297007616497012 1.151137106212 0.011036596228275852', 'a10 0.29527053656910596 -6.605383578204282E-4 1.001137106212 0.011036596228275852', 'a24 0.5642884282325014 0.0023086240460230556 1.151137106212 0.011036596228275852', 'END']
action_from_planner: a31
msg_to_controller: a31,-1.49352936478,-0.118961049432,0.664870475061,0.553653339416,1493914798414

sending new state to plan to STATE
1493914798659 -1.49352936478 -0.118961049432 0.664870475061 0.553653339416 1493914798414
END
Plan 1493914798660
['a23 -1.3499999999999943 0.0 0.75 0.5890486225480862', 'END']
Projection
['a23 -1.3274190814946536 -0.0375952471650578 0.8148704750610001 0.455478568991319', 'END']
action_from_planner: a23
msg_to_controller: a23,-1.37724609145,-0.0900339127005,0.614125049335,0.337876833549,1493914798660

sending new state to plan to STATE
1493914798905 -1.37724609145 -0.0900339127005 0.614125049335 0.337876833549 1493914798660
END
Plan 1493914798905
['a29 -1.2000000000000028 -0.04999999999999716 0.8999999999999999 0.19634954084936207', 'END']
Projection
['a29 -1.1881248135067892 -0.06308794049779465 0.9141250493349999 0.14152729269963793', 'END']
action_from_planner: a29
msg_to_controller: a29,-1.20879598805,-0.0628968409633,0.816602250802,0.124330461202,1493914798905

sending new state to plan to STATE
1493914799150 -1.20879598805 -0.0628968409633 0.816602250802 0.124330461202 1493914798905
END
Plan 1493914799151
['a29 -0.9500000000000028 -0.04999999999999716 1.05 0.0', 'a25 -0.6500000000000057 0.0 1.2 0.19634954084936207', 'END']
Projection
['a29 -0.967771844788885 -0.08028525143433285 1.116602250802 6.211166227532225', 'a25 -0.6699731761695205 -0.07249434482423567 1.2666022508019998 0.02615569077731905', 'END']
action_from_planner: a29
msg_to_controller: a29,-1.06360584339,-0.0406991497475,0.972217620724,0.0616088837091,1493914799151

sending new state to plan to STATE
1493914799396 -1.06360584339 -0.0406991497475 0.972217620724 0.0616088837091 1493914799151
END
Plan 1493914799395
['a26 -0.7999999999999972 0.0 1.05 0.19634954084936207', 'END']
Projection
['a26 -0.8104638094838634 0.026089002211065804 1.122217620724 0.2579584245584621', 'END']
action_from_planner: a26
msg_to_controller: a26,-0.868174868018,0.0649307343219,0.928577161527,0.359771670622,1493914799395

sending new state to plan to STATE
1493914799640 -0.868174868018 0.0649307343219 0.928577161527 0.359771670622 1493914799395
END
Plan 1493914799640
['a22 -0.5999999999999943 0.09999999999999432 1.05 0.19634954084936207', 'a22 -0.29999999999999716 0.09999999999999432 1.2 0.0', 'a8 0.0 0.04999999999999716 1.05 6.086835766330224', 'a24 0.29999999999999716 0.0 1.2 6.086835766330224', 'END']
Projection
['a22 -0.6206234188535262 0.10575015326352855 1.078577161527 0.16342212977263793', 'a22 -0.3323854549680192 0.09625579178290877 1.2285771615269998 6.2502578961028625', 'a8 -0.05153816077429951 0.03071142460416354 1.078577161527 6.0539083552535', 'a24 0.22930913341943437 -0.03483294257456748 1.2285771615269998 6.0539083552535', 'END']
action_from_planner: a22
msg_to_controller: a22,-0.647209538968,-0.00258760907972,1.1092547178,-0.0646535106385,1493914799640

sending new state to plan to STATE
1493914799885 -0.647209538968 -0.00258760907972 1.1092547178 -0.0646535106385 1493914799640
END
Plan 1493914799885
['a24 -0.3499999999999943 0.0 1.2 6.283185307179586', 'END']
Projection
['a24 -0.35176442840614186 -0.02171583258757437 1.2592547178 6.218531796541086', 'END']
action_from_planner: a24
msg_to_controller: a24,-0.475973027792,0.0672804857319,1.07172147518,0.124728164383,1493914799885

sending new state to plan to STATE
1493914800130 -0.475973027792 0.0672804857319 1.07172147518 0.124728164383 1493914799885
END
Plan 1493914800130
['a22 -0.20000000000000284 0.04999999999999716 1.2 0.0', 'a8 0.09999999999999432 0.0 1.05 6.086835766330224', 'END']
Projection
['a22 -0.1900276256426281 0.046765592554621094 1.2217214751799998 6.211563930713224', 'a8 0.0864211586683723 -0.029140293287042596 1.07172147518 6.0152143898638615', 'END']
action_from_planner: a22
msg_to_controller: a22,-0.18296326888,0.0616895745377,1.10744384332,-0.0452980805833,1493914800130

sending new state to plan to STATE
1493914800375 -0.18296326888 0.0616895745377 1.10744384332 -0.0452980805833 1493914800130
END
Plan 1493914800375
['a22 0.09999999999999432 0.0 1.2 6.086835766330224', 'END']
Projection
['a22 0.10405871922645815 -0.009050926635580936 1.25744384332 6.041537685746924', 'END']
action_from_planner: a22
msg_to_controller: a22,0.00238084919694,0.0858878098994,1.09622238789,-0.0650987263424,1493914800375

sending new state to plan to STATE
1493914800620 0.00238084919694 0.0858878098994 1.09622238789 -0.0650987263424 1493914800375
END
Plan 1493914800619
['a22 0.29999999999999716 0.04999999999999716 1.2 6.086835766330224', 'a10 0.5999999999999943 0.0 1.05 6.086835766330224', 'END']
Projection
['a22 0.28523592916624807 0.010203456470350147 1.2462223878899998 6.0217370399878245', 'a10 0.5680910091355713 -0.06548089695870374 1.09622238789 6.0217370399878245', 'END']
action_from_planner: a22
msg_to_controller: a22,0.274519094075,0.081231051575,1.10449601667,-0.191474528613,1493914800619

sending new state to plan to STATE
1493914800864 0.274519094075 0.081231051575 1.10449601667 -0.191474528613 1493914800619
END
Plan 1493914800863
['a24 0.5499999999999972 0.04999999999999716 1.2 6.086835766330224', 'a10 0.8499999999999943 0.0 1.05 6.086835766330224', 'a26 1.1500000000000057 0.0 1.2 6.283185307179586', 'a10 1.4500000000000028 0.0 1.05 6.283185307179586', 'a24 1.75 0.0 1.2 6.283185307179586', 'a10 2.049999999999997 0.0 1.05 6.283185307179586', 'END']
Projection
['a24 0.5640041843523562 0.02511455809145957 1.2544960166699999 6.091710778566586', 'a10 0.8534892746297089 -0.031001935392083624 1.10449601667 6.091710778566586', 'a26 1.1483597748540717 -0.02956442670750903 1.2544960166699999 0.0048750122363623305', 'a10 1.4432302750784203 -0.028126918022934433 1.10449601667 0.0048750122363623305', 'a24 1.7381007753027689 -0.026689409338345627 1.2544960166699999 0.0048750122363623305', 'a10 2.0329712755271174 -0.02525190065377103 1.10449601667 0.0048750122363623305', 'END']
action_from_planner: a24
msg_to_controller: a24,0.476416379817,0.0922183687951,1.14192555999,-0.12735014593,1493914800863

sending new state to plan to STATE
1493914801108 0.476416379817 0.0922183687951 1.14192555999 -0.12735014593 1493914800863
END
Plan 1493914801108
['a15 0.7999999999999972 0.0 1.2 5.890486225480862', 'END']
Projection
['a15 0.7470713299620257 0.0014135121138849627 1.14192555999 5.9594856204002244', 'END']
action_from_planner: a15
msg_to_controller: a15,0.716466588553,-0.0447509086365,0.995184142534,-0.490658456192,1493914801108

sending new state to plan to STATE
1493914801353 0.716466588553 -0.0447509086365 0.995184142534 -0.490658456192 1493914801108
END
Plan 1493914801352
['a21 1.0 -0.04999999999999716 1.2 6.283185307179586', 'a11 1.2999999999999972 0.0 1.05 0.0', 'a24 1.5999999999999943 0.0 1.2 0.0', 'a10 1.9000000000000057 0.0 1.05 0.0', 'END']
Projection
['a21 0.9827299592843985 -0.07091765451652066 1.145184142534 6.18522593268631', 'a11 1.2502759887114507 -0.07086002618942189 0.9951841425339999 2.1539593140484925E-4', 'a24 1.517822018138503 -0.07080239786233733 1.145184142534 2.1539593140484925E-4', 'a10 1.785368047565541 -0.07074476953525277 0.9951841425339999 2.1539593140484925E-4', 'END']
action_from_planner: a21
msg_to_controller: a21,0.8643742008,0.059942402024,1.1617603668,0.0517322352328,1493914801352

sending new state to plan to STATE
1493914801597 0.8643742008 0.059942402024 1.1617603668 0.0517322352328 1493914801352
END
Plan 1493914801598
['a8 1.1500000000000057 0.0 1.05 6.086835766330224', 'a26 1.4500000000000028 0.0 1.2 6.283185307179586', 'a10 1.75 0.0 1.05 6.283185307179586', 'a24 2.049999999999997 0.0 1.2 6.283185307179586', 'END']
Projection
['a8 1.1332281549126009 0.020788126574515786 1.0117603668000001 6.138568001563025', 'a26 1.4045547758902046 0.03483699403194862 1.1617603668 0.05173223523280068', 'a10 1.6758813968677941 0.048885861489367244 1.0117603668000001 0.05173223523280068', 'a24 1.9472080178453837 0.06293472894680008 1.1617603668 0.05173223523280068', 'END']
action_from_planner: a8
msg_to_controller: a8,1.07090035324,-0.208812006142,0.894624057141,-0.629731714663,1493914801598

sending new state to plan to STATE
1493914801843 1.07090035324 -0.208812006142 0.894624057141 -0.629731714663 1493914801598
END
Plan 1493914801843
['a21 1.2999999999999972 -0.25 1.05 6.086835766330224', 'a21 1.5999999999999943 -0.20000000000000284 1.2 0.19634954084936207', 'a18 1.9000000000000057 -0.09999999999999432 1.2 0.39269908169872414', 'a16 2.200000000000003 0.0 1.2 0.39269908169872414', 'END']
Projection
['a21 1.3065284646711461 -0.26573360893965514 1.044624057141 6.04615267421531', 'a21 1.5830499743764506 -0.22233739362826554 1.1946240571409998 0.1556664487344488', 'a18 1.8721355396885713 -0.14733772164949244 1.1946240571409998 0.2538412191591298', 'a16 2.1671803323616103 -0.10103453401323748 1.1946240571409998 0.1556664487344488', 'END']
action_from_planner: a21
msg_to_controller: a21,1.35341093088,-0.181328195614,1.23382982674,-0.0829107108719,1493914801843

sending new state to plan to STATE
1493914802088 1.35341093088 -0.181328195614 1.23382982674 -0.0829107108719 1493914801843
END
Plan 1493914802088
['a14 1.6500000000000057 -0.09999999999999432 1.2 0.39269908169872414', 'a16 1.9500000000000028 0.0 1.2 0.39269908169872414', 'END']
Projection
['a14 1.6471852289840143 -0.08729275358243171 1.23382982674 0.30978837082682414', 'a16 1.948762008663536 -0.02250503450922281 1.23382982674 0.2116136004021431', 'END']
action_from_planner: a14
msg_to_controller: a14,1.63570661206,-0.315326995293,1.11782142269,-0.0341672810995,1493914802088

sending new state to plan to STATE
1493914802333 1.63570661206 -0.315326995293 1.11782142269 -0.0341672810995 1493914802088
END
Plan 1493914802334
['a25 1.9500000000000028 -0.25 1.2 0.0', 'a14 2.25 -0.15000000000000568 1.2 0.39269908169872414', 'a16 2.549999999999997 -0.04999999999999716 1.2 0.39269908169872414', 'a8 2.8499999999999943 0.0 1.05 0.19634954084936207', 'END']
Projection
['a25 1.9333013087506572 -0.2962526498687481 1.26782142269 0.06400748932518104', 'a14 2.2177718297834303 -0.156477043438926 1.26782142269 0.45670657102390516', 'a16 2.5145729527338005 -0.04525748173833222 1.26782142269 0.3585318005992241', 'a8 2.8088650368268446 0.0028943966460417414 1.11782142269 0.16218225974986206', 'END']
action_from_planner: a25
msg_to_controller: a25,1.84826590906,-0.4549483927,1.26011528552,-0.218238905656,1493914802334

sending new state to plan to STATE
1493914802579 1.84826590906 -0.4549483927 1.26011528552 -0.218238905656 1493914802334
END
Plan 1493914802579
['a14 2.1500000000000057 -0.4000000000000057 1.2 0.19634954084936207', 'a18 2.450000000000003 -0.29999999999999716 1.2 0.39269908169872414', 'a16 2.75 -0.20000000000000284 1.2 0.39269908169872414', 'END']
Projection
['a14 2.158512713639368 -0.40026678200349863 1.26011528552 0.17446017604272415', 'a18 2.461905859946526 -0.31543897362723783 1.26011528552 0.27263494646740516', 'a16 2.7721526645258763 -0.2607573629307183 1.26011528552 0.17446017604272412', 'END']
action_from_planner: a14
msg_to_controller: a14,2.16748698639,-0.396709623138,1.15634154055,0.273967011377,1493914802579

sending new state to plan to STATE
1493914802824 2.16748698639 -0.396709623138 1.15634154055 0.273967011377 1493914802579
END
Plan 1493914802824
['a4 2.4000000000000057 -0.29999999999999716 0.8999999999999999 0.39269908169872414', 'a2 2.5999999999999943 -0.25 0.6 0.39269908169872414', 'a0 2.700000000000003 -0.15000000000000568 0.3 0.7853981633974483', 'a3 2.75 -0.09999999999999432 0.0 0.7853981633974483', 'END']
Projection
['a4 2.4018515296468195 -0.30523029826724724 0.8563415405499999 0.37214178180168106', 'a2 2.571851196218404 -0.25745466002231865 0.5563415405499998 0.273967011377', 'a0 2.6516858923105247 -0.19463737121253644 0.25634154054999986 0.6666660930757242', 'a3 2.6725790172425405 -0.17819778382462914 -0.04365845945000013 0.6666660930757242', 'END']
action_from_planner: a4
msg_to_controller: a4,2.36861124262,-0.478791615461,0.89427557652,0.0792867412721,1493914802824

sending new state to plan to STATE
1493914803069 2.36861124262 -0.478791615461 0.89427557652 0.0792867412721 1493914802824
END
Plan 1493914803070
['a5 2.549999999999997 -0.45000000000000284 0.6 0.19634954084936207', 'a0 2.6500000000000057 -0.4000000000000057 0.3 0.5890486225480862', 'a5 2.700000000000003 -0.3499999999999943 0.0 0.7853981633974483', 'END']
Projection
['a5 2.547656449508196 -0.42815124368981117 0.5942755765200001 0.2756362821214621', 'a0 2.6348293481241853 -0.35932403257280043 0.2942755765200001 0.6683353638201862', 'a5 2.6582337285780966 -0.3318795413345015 -0.005724423479999907 0.8646849046695483', 'END']
action_from_planner: a5
msg_to_controller: a5,2.70917095819,-0.398076805791,0.853399887013,0.330298354622,1493914803070

sending new state to plan to STATE
1493914803315 2.70917095819 -0.398076805791 0.853399887013 0.330298354622 1493914803070
END
Plan 1493914803315
['a0 2.8499999999999943 -0.25 0.6 0.7853981633974483', 'a3 2.950000000000003 -0.15000000000000568 0.3 0.7853981633974483', 'a3 3.0 -0.09999999999999432 0.0 0.7853981633974483', 'END']
Projection
['a0 2.841027819975949 -0.2817282752219512 0.5533998870129999 0.7229974363207241', 'a3 2.916647739922496 -0.21500238437059238 0.2533998870129999 0.7229974363207241', 'a3 2.936030718029656 -0.19789913323693042 -0.046600112987000064 0.7229974363207241', 'END']
action_from_planner: a0
msg_to_controller: a0,2.91193698589,-0.283095995305,0.878401068091,0.617982148267,1493914803315

sending new state to plan to STATE
1493914803560 2.91193698589 -0.283095995305 0.878401068091 0.617982148267 1493914803315
END
Plan 1493914803560
['a0 3.0 -0.15000000000000568 0.6 0.9817477042468103', 'a0 3.0 -0.04999999999999716 0.3 1.3744467859455345', 'a0 3.0 0.0 0.0 1.7671458676442586', 'END']
Projection
['a0 3.0086838914877063 -0.12882174759326404 0.5784010680910001 1.0106812299657242', 'a0 3.026530549941157 -0.02321888788580395 0.2784010680910001 1.4033803116644483', 'a0 3.019359918950542 0.008070234730979564 -0.021598931908999863 1.7960793933631725', 'END']
action_from_planner: a0
msg_to_controller: a0,3.10121367411,-0.221172817968,0.776516023327,0.713095070517,1493914803560

sending new state to plan to STATE
1493914803805 3.10121367411 -0.221172817968 0.776516023327 0.713095070517 1493914803560
END
Plan 1493914803805
['a0 3.1500000000000057 -0.04999999999999716 0.44999999999999996 1.1780972450961724', 'a4 3.1500000000000057 0.0 0.15 1.3744467859455345', 'a7 3.1500000000000057 0.0 0.0 1.7671458676442586', 'END']
Projection
['a0 3.1714499961301215 -0.08117458749015327 0.476516023327 1.1057941522157242', 'a4 3.2007267059218236 -0.004976366665431442 0.176516023327 1.2039689226404051', 'a7 3.2000701817123343 0.020394146001265767 0.02651602332700001 1.5966680043391293', 'END']
action_from_planner: a0
msg_to_controller: a0,3.35273300881,-0.0847178642938,0.711459967317,0.90120459776,1493914803805

sending new state to plan to STATE
1493914804050 3.35273300881 -0.0847178642938 0.711459967317 0.90120459776 1493914803805
END
Plan 1493914804050
['a0 3.4000000000000057 0.04999999999999716 0.44999999999999996 1.3744467859455345', 'a0 3.4000000000000057 0.09999999999999432 0.15 1.7671458676442586', 'a7 3.4000000000000057 0.09999999999999432 0.0 2.1598449493429825', 'END']
Projection
['a0 3.3911043032293264 0.05030055924837029 0.411459967317 1.2939036794587242', 'a0 3.3835515249270145 0.11522773150123555 0.11145996731700003 1.6866027611574483', 'a7 3.3791136869832172 0.12318943172365948 -0.038540032682999964 2.0793018428561725', 'END']
action_from_planner: a0
msg_to_controller: a0,3.47686445372,0.0266592049703,0.628641102174,1.10833344289,1493914804050

sending new state to plan to STATE
1493914804295 3.47686445372 0.0266592049703 0.628641102174 1.10833344289 1493914804050
END
Plan 1493914804295
['a5 3.5 0.15000000000000568 0.3 1.3744467859455345', 'a1 3.5 0.20000000000000284 0.0 1.1780972450961724', 'END']
Projection
['a5 3.5083331419212698 0.14210747566343684 0.32864110217400005 1.304682983739362', 'a1 3.5282584860414516 0.18207647456650022 0.028641102174000066 1.10833344289', 'END']
action_from_planner: a5
msg_to_controller: a5,3.62128834735,0.213284643031,0.530500959261,1.25962307246,1493914804295

sending new state to plan to STATE
1493914804540 3.62128834735 0.213284643031 0.530500959261 1.25962307246 1493914804295
END
Plan 1493914804541
['a0 3.5999999999999943 0.29999999999999716 0.3 1.5707963267948966', 'a14 3.549999999999997 0.3499999999999943 0.3 1.9634954084936207', 'a0 3.5 0.4000000000000057 0.0 2.356194490192345', 'a32 3.450000000000003 0.4000000000000057 0.3 2.552544031041707', 'a0 3.4000000000000057 0.4000000000000057 0.0 2.945243112740431', 'END']
Projection
['a0 3.6135417713481957 0.3080939348232903 0.23050095926100006 1.652322154158724', 'a14 3.5872272616477403 0.3593600527081975 0.23050095926100006 2.0450212358574484', 'a0 3.5718849494623157 0.3723845962482244 -0.06949904073899993 2.4377203175561726', 'a32 3.555339886191632 0.3838426134846884 0.23050095926100006 2.5358950879808537', 'a0 3.5356694475076154 0.3880969194914883 -0.06949904073899993 2.928594169679578', 'END']
action_from_planner: a0
msg_to_controller: a0,3.62603706835,0.335807130511,0.404461867818,1.6519922269,1493914804541

sending new state to plan to STATE
1493914804786 3.62603706835 0.335807130511 0.404461867818 1.6519922269 1493914804541
END
Plan 1493914804786
['a0 3.5999999999999943 0.4000000000000057 0.15 1.9634954084936207', 'a21 3.549999999999997 0.45000000000000284 0.3 2.356194490192345', 'a21 3.450000000000003 0.5 0.44999999999999996 2.748893571891069', 'a7 3.3499999999999943 0.5 0.3 3.141592653589793', 'a0 3.299999999999997 0.5 0.0 3.5342917352885173', 'END']
Projection
['a0 3.597005801168649 0.39241201688739125 0.10446186781799999 2.044691308598724', 'a21 3.562812560467435 0.42145908929398956 0.25446186781799995 2.4373903902974483', 'a21 3.484411019279406 0.4467032665627073 0.404461867818 2.8300894719961724', 'a7 3.402316911654026 0.440022874371806 0.25446186781799995 3.2227885536948966', 'a0 3.379079433248279 0.4281049378224395 -0.045538132182000035 3.6154876353936207', 'END']
action_from_planner: a0
msg_to_controller: a0,3.6502381677,0.502452106309,0.297751924411,1.86559610087,1493914804786

sending new state to plan to STATE
1493914805031 3.6502381677 0.502452106309 0.297751924411 1.86559610087 1493914804786
END
Plan 1493914805031
['a21 3.5999999999999943 0.5499999999999972 0.44999999999999996 2.356194490192345', 'a28 3.450000000000003 0.5999999999999943 0.75 2.748893571891069', 'a0 3.299999999999997 0.5999999999999943 0.44999999999999996 3.141592653589793', 'a7 3.200000000000003 0.5499999999999972 0.3 3.5342917352885173', 'a0 3.1500000000000057 0.5 0.0 3.9269908169872414', 'END']
Projection
['a21 3.5911004975258294 0.5744711023335043 0.447751924411 2.258295182568724', 'a28 3.459288564430068 0.6448793723706387 0.747751924411 2.650994264267448', 'a0 3.310566138857439 0.6594858889937143 0.44775192441100004 3.0436933459661724', 'a7 3.2213982558740497 0.6324102825135753 0.29775192441100007 3.4363924276648965', 'a0 3.192851266415616 0.6089692108484854 -0.0022480755889999204 3.8290915093636206', 'END']
action_from_planner: a21
msg_to_controller: a21,3.64443788003,0.661430429809,0.677902301338,1.91075665219,1493914805031

sending new state to plan to STATE
1493914805276 3.64443788003 0.661430429809 0.677902301338 1.91075665219 1493914805031
END
Plan 1493914805275
['a0 3.549999999999997 0.75 0.44999999999999996 2.356194490192345', 'a28 3.4000000000000057 0.7999999999999972 0.75 2.748893571891069', 'a7 3.25 0.7999999999999972 0.6 3.141592653589793', 'a14 3.0999999999999943 0.75 0.6 3.5342917352885173', 'a0 3.0 0.6500000000000057 0.3 3.9269908169872414', 'a0 3.0 0.5999999999999943 0.0 4.319689898685965', 'END']
Projection
['a0 3.556166148896949 0.7595408470318716 0.377902301338 2.303455733888724', 'a28 3.437068471990159 0.8164029243794175 0.677902301338 2.696154815587448', 'a7 3.2865524603562335 0.8243483193811301 0.527902301338 3.0888538972861723', 'a14 3.1621301249070655 0.7803411049015807 0.527902301338 3.4815529789848965', 'a0 3.0918971436152987 0.7171512111395657 0.227902301338 3.8742520606836206', 'a0 3.0835060328491437 0.699576021390385 -0.072097698662 4.266951142382345', 'END']
action_from_planner: a0
msg_to_controller: a0,3.66756346839,0.696942585822,0.152983273969,1.94868949261,1493914805275

sending new state to plan to STATE
1493914805520 3.66756346839 0.696942585822 0.152983273969 1.94868949261 1493914805275
END
Plan 1493914805521
['a7 3.6500000000000057 0.7000000000000028 0.0 2.356194490192345', 'a28 3.5999999999999943 0.7000000000000028 0.3 2.748893571891069', 'a28 3.5 0.7000000000000028 0.6 3.141592653589793', 'a14 3.3499999999999943 0.6500000000000057 0.6 3.5342917352885173', 'a0 3.25 0.5499999999999972 0.3 3.9269908169872414', 'a3 3.200000000000003 0.5 0.0 3.9269908169872414', 'END']
Projection
['a7 3.653983455264438 0.7109308016550813 0.002983273969 2.3413885743087244', 'a28 3.618869491292571 0.7260883795065922 0.302983273969 2.7340876560074485', 'a28 3.5056360851728385 0.7277650263100668 0.602983273969 3.1267867377061727', 'a14 3.3655262823385783 0.6721453810159375 0.602983273969 3.519485819404897', 'a0 3.2842726046900736 0.5932628400162088 0.302983273969 3.912184901103621', 'a3 3.2568312964938997 0.5666223213158332 0.002983273969 3.912184901103621', 'END']
action_from_planner: a7
msg_to_controller: a7,3.64666841263,0.812877584164,0.209636946641,2.18068381653,1493914805521

sending new state to plan to STATE
1493914805766 3.64666841263 0.812877584164 0.209636946641 2.18068381653 1493914805521
END
Plan 1493914805766
['a14 3.5999999999999943 0.7999999999999972 0.15 2.552544031041707', 'a28 3.549999999999997 0.7999999999999972 0.44999999999999996 2.945243112740431', 'a28 3.4000000000000057 0.75 0.75 3.3379421944391554', 'a7 3.25 0.6500000000000057 0.6 3.730641276137879', 'a5 3.1500000000000057 0.5499999999999972 0.3 3.9269908169872414', 'a3 3.0999999999999943 0.5 0.0 3.9269908169872414', 'END']
Projection
['a14 3.602494464743927 0.8410802509788198 0.209636946641 2.5733828982287243', 'a28 3.5139664589057276 0.856779391692271 0.509636946641 2.9660819799274485', 'a28 3.352931407910347 0.8212439349373852 0.809636946641 3.3587810616261726', 'a7 3.2023836421005143 0.7160484720110105 0.659636946641 3.7514801433248968', 'a5 3.114188545748874 0.6240988196686885 0.35963694664100004 3.947829684174259', 'a3 3.0779098755509438 0.5862757291553464 0.059636946641000055 3.947829684174259', 'END']
action_from_planner: a14
msg_to_controller: a14,3.61873275226,0.86634379798,0.275783154844,2.39296531392,1493914805766

sending new state to plan to STATE
1493914806011 3.61873275226 0.86634379798 0.275783154844 2.39296531392 1493914805766
END
Plan 1493914806009
['a0 3.549999999999997 0.8499999999999943 0.0 2.748893571891069', 'END']
Projection
['a0 3.589257877683238 0.8773014161673984 -0.024216845155999978 2.785664395618724', 'END']
action_from_planner: a0
msg_to_controller: a0,3.64954839506,0.864220662213,-0.188662505912,2.60268485057,1493914806009

sending new state to plan to STATE
1493914806254 3.64954839506 0.864220662213 -0.188662505912 2.60268485057 1493914806009
END
Plan 1493914806253
['END']
Projection
['END']
